<?xml version="1.0" encoding="UTF-8"?>
<testsuite name="api.steps.RunnerClass" tests="0" skipped="0" failures="0" errors="0" timestamp="1970-01-01T00:00:00" hostname="Bharanis-MacBook-Air.local" time="0.0">
  <properties/>
  <system-out><![CDATA[No features found at [classpath:api/steps]

0 Scenarios
0 Steps
0m0.016s

]]></system-out>
  <system-err><![CDATA[SLF4J: Failed to load class "org.slf4j.impl.StaticLoggerBinder".
SLF4J: Defaulting to no-operation (NOP) logger implementation
SLF4J: See http://www.slf4j.org/codes.html#StaticLoggerBinder for further details.
]]></system-err>
</testsuite>
